<?xml version="1.0" encoding="UTF-8"?>
<testng-results skipped="0" failed="0" ignored="0" total="1" passed="1">
  <reporter-output>
  </reporter-output>
  <suite name="Default suite" duration-ms="18644" started-at="2020-04-09T03:48:21Z" finished-at="2020-04-09T03:48:40Z">
    <groups>
    </groups>
    <test name="Default test" duration-ms="18644" started-at="2020-04-09T03:48:21Z" finished-at="2020-04-09T03:48:40Z">
      <class name="TestCases.CreateAccount">
        <test-method status="PASS" signature="beforeTest()[pri:0, instance:TestCases.CreateAccount@3532ec19]" name="beforeTest" is-config="true" duration-ms="4288" started-at="2020-04-09T03:48:21Z" finished-at="2020-04-09T03:48:26Z">
          <reporter-output>
          </reporter-output>
        </test-method> <!-- beforeTest -->
        <test-method status="PASS" signature="test()[pri:0, instance:TestCases.CreateAccount@3532ec19]" name="test" duration-ms="14295" started-at="2020-04-09T03:48:26Z" finished-at="2020-04-09T03:48:40Z">
          <reporter-output>
          </reporter-output>
        </test-method> <!-- test -->
        <test-method status="PASS" signature="afterTest()[pri:0, instance:TestCases.CreateAccount@3532ec19]" name="afterTest" is-config="true" duration-ms="0" started-at="2020-04-09T03:48:40Z" finished-at="2020-04-09T03:48:40Z">
          <reporter-output>
          </reporter-output>
        </test-method> <!-- afterTest -->
      </class> <!-- TestCases.CreateAccount -->
    </test> <!-- Default test -->
  </suite> <!-- Default suite -->
</testng-results>
